  [4;36;1mSQL (0.3ms)[0m   [0;1m SELECT name
 FROM sqlite_master
 WHERE type = 'table' AND NOT name = 'sqlite_sequence'
[0m
  [4;35;1mSQL (0.1ms)[0m   [0mselect sqlite_version(*)[0m
  [4;36;1mSQL (97.1ms)[0m   [0;1mCREATE TABLE "schema_migrations" ("version" varchar(255) NOT NULL) [0m
  [4;35;1mSQL (0.1ms)[0m   [0mPRAGMA index_list("schema_migrations")[0m
  [4;36;1mSQL (47.7ms)[0m   [0;1mCREATE UNIQUE INDEX "unique_schema_migrations" ON "schema_migrations" ("version")[0m
  [4;35;1mSQL (0.1ms)[0m   [0m SELECT name
 FROM sqlite_master
 WHERE type = 'table' AND NOT name = 'sqlite_sequence'
[0m
  [4;36;1mSQL (0.1ms)[0m   [0;1mSELECT version FROM schema_migrations[0m
Migrating to CreateRecipes (20111208142806)
  [4;35;1mSQL (0.3ms)[0m   [0mCREATE TABLE "recipes" ("id" INTEGER PRIMARY KEY AUTOINCREMENT NOT NULL, "title" varchar(255), "method" text, "created_at" datetime, "updated_at" datetime) [0m
  [4;36;1mSQL (0.1ms)[0m   [0;1mINSERT INTO schema_migrations (version) VALUES ('20111208142806')[0m
  [4;35;1mSQL (0.1ms)[0m   [0m SELECT name
 FROM sqlite_master
 WHERE type = 'table' AND NOT name = 'sqlite_sequence'
[0m
  [4;36;1mSQL (0.1ms)[0m   [0;1mSELECT version FROM schema_migrations[0m
  [4;35;1mSQL (0.1ms)[0m   [0m SELECT name
 FROM sqlite_master
 WHERE type = 'table' AND NOT name = 'sqlite_sequence'
[0m
  [4;36;1mSQL (0.0ms)[0m   [0;1mPRAGMA index_list("recipes")[0m
  [4;36;1mRecipe Load (0.4ms)[0m   [0;1mSELECT * FROM "recipes" [0m
  [4;35;1mRecipe Create (0.4ms)[0m   [0mINSERT INTO "recipes" ("created_at", "title", "method", "updated_at") VALUES('2011-12-08 14:38:22', 'Chunky Bacon Butty', 'Toast bread, Grill bacon, butter toast, add HP sauce', '2011-12-08 14:38:22')[0m
  [4;36;1mRecipe Load (0.2ms)[0m   [0;1mSELECT * FROM "recipes" [0m
  [4;35;1mRecipe Load (0.2ms)[0m   [0mSELECT * FROM "recipes" [0m
  [4;36;1mRecipe Create (0.3ms)[0m   [0;1mINSERT INTO "recipes" ("created_at", "title", "method", "updated_at") VALUES('2011-12-08 14:40:22', 'Chunky Sausage Butty', 'Toast bread, Grill Sausage, butter toast, add red sauce', '2011-12-08 14:40:22')[0m
  [4;35;1mRecipe Load (0.2ms)[0m   [0mSELECT * FROM "recipes" [0m
  [4;36;1mRecipe Load (0.2ms)[0m   [0;1mSELECT * FROM "recipes" [0m


Processing ApplicationController#index (for 127.0.0.1 at 2011-12-08 14:45:24) [GET]

ActionController::RoutingError (No route matches "/recipes" with {:method=>:get}):
  /usr/lib/ruby/1.8/webrick/httpserver.rb:104:in `service'
  /usr/lib/ruby/1.8/webrick/httpserver.rb:65:in `run'
  /usr/lib/ruby/1.8/webrick/server.rb:173:in `start_thread'
  /usr/lib/ruby/1.8/webrick/server.rb:162:in `start'
  /usr/lib/ruby/1.8/webrick/server.rb:162:in `start_thread'
  /usr/lib/ruby/1.8/webrick/server.rb:95:in `start'
  /usr/lib/ruby/1.8/webrick/server.rb:92:in `each'
  /usr/lib/ruby/1.8/webrick/server.rb:92:in `start'
  /usr/lib/ruby/1.8/webrick/server.rb:23:in `start'
  /usr/lib/ruby/1.8/webrick/server.rb:82:in `start'

Rendering rescues/layout (not_found)


Processing ApplicationController#index (for 127.0.0.1 at 2011-12-08 14:45:30) [GET]

ActionController::RoutingError (No route matches "/recipes/show/1" with {:method=>:get}):
  /usr/lib/ruby/1.8/webrick/httpserver.rb:104:in `service'
  /usr/lib/ruby/1.8/webrick/httpserver.rb:65:in `run'
  /usr/lib/ruby/1.8/webrick/server.rb:173:in `start_thread'
  /usr/lib/ruby/1.8/webrick/server.rb:162:in `start'
  /usr/lib/ruby/1.8/webrick/server.rb:162:in `start_thread'
  /usr/lib/ruby/1.8/webrick/server.rb:95:in `start'
  /usr/lib/ruby/1.8/webrick/server.rb:92:in `each'
  /usr/lib/ruby/1.8/webrick/server.rb:92:in `start'
  /usr/lib/ruby/1.8/webrick/server.rb:23:in `start'
  /usr/lib/ruby/1.8/webrick/server.rb:82:in `start'

Rendering rescues/layout (not_found)


Processing RecipesController#index (for 127.0.0.1 at 2011-12-08 14:57:49) [GET]
Rendering recipes/index
Completed in 66ms (View: 64, DB: 0) | 200 OK [http://localhost/]


Processing RecipesController#edit (for 127.0.0.1 at 2011-12-08 15:01:34) [GET]
  Parameters: {"id"=>"1"}
Rendering recipes/edit
Completed in 5ms (View: 3, DB: 0) | 200 OK [http://localhost/recipes/edit/1]


Processing RecipesController#show (for 127.0.0.1 at 2011-12-08 15:01:59) [GET]
  Parameters: {"id"=>"1"}
Rendering recipes/show
Completed in 6ms (View: 4, DB: 0) | 200 OK [http://localhost/recipes/show/1]


Processing RecipesController#show (for 127.0.0.1 at 2011-12-08 15:04:53) [GET]
  Parameters: {"id"=>"1"}
Rendering recipes/show

ActionView::TemplateError (undefined method `title' for nil:NilClass) on line #1 of app/views/recipes/show.html.erb:
1: <h1><%=@recipe.title %></h1>
2: <p>Chef: L Robinson</p>
3: <p>The method for this recipe is:</p>
4: <p><%=h @recipe.method %></p>

    app/views/recipes/show.html.erb:1
    /usr/lib/ruby/1.8/webrick/httpserver.rb:104:in `service'
    /usr/lib/ruby/1.8/webrick/httpserver.rb:65:in `run'
    /usr/lib/ruby/1.8/webrick/server.rb:173:in `start_thread'
    /usr/lib/ruby/1.8/webrick/server.rb:162:in `start'
    /usr/lib/ruby/1.8/webrick/server.rb:162:in `start_thread'
    /usr/lib/ruby/1.8/webrick/server.rb:95:in `start'
    /usr/lib/ruby/1.8/webrick/server.rb:92:in `each'
    /usr/lib/ruby/1.8/webrick/server.rb:92:in `start'
    /usr/lib/ruby/1.8/webrick/server.rb:23:in `start'
    /usr/lib/ruby/1.8/webrick/server.rb:82:in `start'

Rendered rescues/_trace (43.6ms)
Rendered rescues/_request_and_response (1.5ms)
Rendering rescues/layout (internal_server_error)


Processing RecipesController#show (for 127.0.0.1 at 2011-12-08 15:10:40) [GET]
  Parameters: {"id"=>"1"}
  [4;36;1mRecipe Load (0.2ms)[0m   [0;1mSELECT * FROM "recipes" WHERE ("recipes"."id" = 1) [0m
Rendering recipes/show
Completed in 7ms (View: 2, DB: 0) | 200 OK [http://localhost/recipes/show/1]


Processing RecipesController#show (for 127.0.0.1 at 2011-12-08 15:10:54) [GET]
  Parameters: {"id"=>"2"}
  [4;35;1mRecipe Load (0.2ms)[0m   [0mSELECT * FROM "recipes" WHERE ("recipes"."id" = 2) [0m
Rendering recipes/show
Completed in 6ms (View: 1, DB: 0) | 200 OK [http://localhost/recipes/show/2]


Processing RecipesController#show (for 127.0.0.1 at 2011-12-08 15:12:22) [GET]
  Parameters: {"id"=>"1"}
  [4;36;1mRecipe Load (0.2ms)[0m   [0;1mSELECT * FROM "recipes" WHERE ("recipes"."id" = 1) [0m
Rendering recipes/show
Completed in 7ms (View: 2, DB: 0) | 200 OK [http://localhost/recipes/show/1]


Processing RecipesController#index (for 127.0.0.1 at 2011-12-08 15:17:05) [GET]
Rendering recipes/index
Completed in 2ms (View: 1, DB: 0) | 200 OK [http://localhost/recipes/]


Processing RecipesController#index (for 127.0.0.1 at 2011-12-08 15:25:22) [GET]
  [4;35;1mRecipe Load (0.4ms)[0m   [0mSELECT * FROM "recipes" [0m
Rendering recipes/index
ERROR: compiling _run_erb_app47views47recipes47index46html46erb RAISED compile error
/home/leer/Code/railschef/app/views/recipes/index.html.erb:5: syntax error, unexpected kEND
; @output_buffer.concat(( end ).to_s); @output_buffer.conca...
                             ^
/home/leer/Code/railschef/app/views/recipes/index.html.erb:8: syntax error, unexpected kENSURE, expecting kEND
/home/leer/Code/railschef/app/views/recipes/index.html.erb:10: syntax error, unexpected $end, expecting kEND
Function body:           def _run_erb_app47views47recipes47index46html46erb(local_assigns)
            old_output_buffer = output_buffer;;@output_buffer = '';  __in_erb_template=true ; @output_buffer.concat "<h1>Recipe List</h1>\n<ul>\n  "

;  @recipes.each do |recipe| ; @output_buffer.concat "\n    <li> "
; @output_buffer.concat((h recipe.title ).to_s); @output_buffer.concat "</li>\n  "
; @output_buffer.concat(( end ).to_s); @output_buffer.concat "\n</ul>\n"

; @output_buffer
          ensure
            self.output_buffer = old_output_buffer
          end
Backtrace: /home/leer/Code/railschef/app/views/recipes/index.html.erb:10:in `compile!'
/usr/lib/ruby/gems/1.8/gems/actionpack-2.3.11/lib/action_view/renderable.rb:61:in `compile'
/usr/lib/ruby/gems/1.8/gems/actionpack-2.3.11/lib/action_view/renderable.rb:28:in `render'
/usr/lib/ruby/gems/1.8/gems/actionpack-2.3.11/lib/action_view/template.rb:205:in `render_template'
/usr/lib/ruby/gems/1.8/gems/actionpack-2.3.11/lib/action_view/base.rb:265:in `render'
/usr/lib/ruby/gems/1.8/gems/actionpack-2.3.11/lib/action_controller/base.rb:1252:in `render_for_file'
/usr/lib/ruby/gems/1.8/gems/actionpack-2.3.11/lib/action_controller/base.rb:936:in `render_without_benchmark'
/usr/lib/ruby/gems/1.8/gems/actionpack-2.3.11/lib/action_controller/benchmarking.rb:51:in `render'
/usr/lib/ruby/gems/1.8/gems/activesupport-2.3.11/lib/active_support/core_ext/benchmark.rb:17:in `ms'
/usr/lib/ruby/1.8/benchmark.rb:308:in `realtime'
/usr/lib/ruby/gems/1.8/gems/activesupport-2.3.11/lib/active_support/core_ext/benchmark.rb:17:in `ms'
/usr/lib/ruby/gems/1.8/gems/actionpack-2.3.11/lib/action_controller/benchmarking.rb:51:in `render'
/usr/lib/ruby/gems/1.8/gems/actionpack-2.3.11/lib/action_controller/base.rb:1328:in `default_render'
/usr/lib/ruby/gems/1.8/gems/actionpack-2.3.11/lib/action_controller/base.rb:1334:in `perform_action_without_filters'
/usr/lib/ruby/gems/1.8/gems/actionpack-2.3.11/lib/action_controller/filters.rb:617:in `call_filters'
/usr/lib/ruby/gems/1.8/gems/actionpack-2.3.11/lib/action_controller/filters.rb:610:in `perform_action_without_benchmark'
/usr/lib/ruby/gems/1.8/gems/actionpack-2.3.11/lib/action_controller/benchmarking.rb:68:in `perform_action_without_rescue'
/usr/lib/ruby/gems/1.8/gems/activesupport-2.3.11/lib/active_support/core_ext/benchmark.rb:17:in `ms'
/usr/lib/ruby/1.8/benchmark.rb:308:in `realtime'
/usr/lib/ruby/gems/1.8/gems/activesupport-2.3.11/lib/active_support/core_ext/benchmark.rb:17:in `ms'
/usr/lib/ruby/gems/1.8/gems/actionpack-2.3.11/lib/action_controller/benchmarking.rb:68:in `perform_action_without_rescue'
/usr/lib/ruby/gems/1.8/gems/actionpack-2.3.11/lib/action_controller/rescue.rb:160:in `perform_action_without_flash'
/usr/lib/ruby/gems/1.8/gems/actionpack-2.3.11/lib/action_controller/flash.rb:151:in `perform_action'
/usr/lib/ruby/gems/1.8/gems/actionpack-2.3.11/lib/action_controller/base.rb:532:in `send'
/usr/lib/ruby/gems/1.8/gems/actionpack-2.3.11/lib/action_controller/base.rb:532:in `process_without_filters'
/usr/lib/ruby/gems/1.8/gems/actionpack-2.3.11/lib/action_controller/filters.rb:606:in `process'
/usr/lib/ruby/gems/1.8/gems/actionpack-2.3.11/lib/action_controller/base.rb:391:in `process'
/usr/lib/ruby/gems/1.8/gems/actionpack-2.3.11/lib/action_controller/base.rb:386:in `call'
/usr/lib/ruby/gems/1.8/gems/actionpack-2.3.11/lib/action_controller/routing/route_set.rb:438:in `call'
/usr/lib/ruby/gems/1.8/gems/actionpack-2.3.11/lib/action_controller/dispatcher.rb:87:in `dispatch'
/usr/lib/ruby/gems/1.8/gems/actionpack-2.3.11/lib/action_controller/dispatcher.rb:121:in `_call'
/usr/lib/ruby/gems/1.8/gems/actionpack-2.3.11/lib/action_controller/dispatcher.rb:130:in `build_middleware_stack'
/usr/lib/ruby/gems/1.8/gems/activerecord-2.3.11/lib/active_record/query_cache.rb:29:in `call'
/usr/lib/ruby/gems/1.8/gems/activerecord-2.3.11/lib/active_record/query_cache.rb:29:in `call'
/usr/lib/ruby/gems/1.8/gems/activerecord-2.3.11/lib/active_record/connection_adapters/abstract/query_cache.rb:34:in `cache'
/usr/lib/ruby/gems/1.8/gems/activerecord-2.3.11/lib/active_record/query_cache.rb:9:in `cache'
/usr/lib/ruby/gems/1.8/gems/activerecord-2.3.11/lib/active_record/query_cache.rb:28:in `call'
/usr/lib/ruby/gems/1.8/gems/activerecord-2.3.11/lib/active_record/connection_adapters/abstract/connection_pool.rb:361:in `call'
/usr/lib/ruby/gems/1.8/gems/actionpack-2.3.11/lib/action_controller/string_coercion.rb:25:in `call'
/usr/lib/ruby/gems/1.8/gems/rack-1.1.2/lib/rack/head.rb:9:in `call'
/usr/lib/ruby/gems/1.8/gems/rack-1.1.2/lib/rack/methodoverride.rb:24:in `call'
/usr/lib/ruby/gems/1.8/gems/actionpack-2.3.11/lib/action_controller/params_parser.rb:15:in `call'
/usr/lib/ruby/gems/1.8/gems/actionpack-2.3.11/lib/action_controller/session/cookie_store.rb:99:in `call'
/usr/lib/ruby/gems/1.8/gems/actionpack-2.3.11/lib/action_controller/failsafe.rb:26:in `call'
/usr/lib/ruby/gems/1.8/gems/rack-1.1.2/lib/rack/lock.rb:11:in `call'
/usr/lib/ruby/gems/1.8/gems/rack-1.1.2/lib/rack/lock.rb:11:in `synchronize'
/usr/lib/ruby/gems/1.8/gems/rack-1.1.2/lib/rack/lock.rb:11:in `call'
/usr/lib/ruby/gems/1.8/gems/actionpack-2.3.11/lib/action_controller/dispatcher.rb:114:in `call'
/usr/lib/ruby/gems/1.8/gems/actionpack-2.3.11/lib/action_controller/reloader.rb:34:in `run'
/usr/lib/ruby/gems/1.8/gems/actionpack-2.3.11/lib/action_controller/dispatcher.rb:108:in `call'
/usr/lib/ruby/gems/1.8/gems/rails-2.3.11/lib/rails/rack/static.rb:31:in `call'
/usr/lib/ruby/gems/1.8/gems/rack-1.1.2/lib/rack/urlmap.rb:47:in `call'
/usr/lib/ruby/gems/1.8/gems/rack-1.1.2/lib/rack/urlmap.rb:41:in `each'
/usr/lib/ruby/gems/1.8/gems/rack-1.1.2/lib/rack/urlmap.rb:41:in `call'
/usr/lib/ruby/gems/1.8/gems/rails-2.3.11/lib/rails/rack/log_tailer.rb:17:in `call'
/usr/lib/ruby/gems/1.8/gems/rack-1.1.2/lib/rack/content_length.rb:13:in `call'
/usr/lib/ruby/gems/1.8/gems/rack-1.1.2/lib/rack/handler/webrick.rb:48:in `service'
/usr/lib/ruby/1.8/webrick/httpserver.rb:104:in `service'
/usr/lib/ruby/1.8/webrick/httpserver.rb:65:in `run'
/usr/lib/ruby/1.8/webrick/server.rb:173:in `start_thread'
/usr/lib/ruby/1.8/webrick/server.rb:162:in `start'
/usr/lib/ruby/1.8/webrick/server.rb:162:in `start_thread'
/usr/lib/ruby/1.8/webrick/server.rb:95:in `start'
/usr/lib/ruby/1.8/webrick/server.rb:92:in `each'
/usr/lib/ruby/1.8/webrick/server.rb:92:in `start'
/usr/lib/ruby/1.8/webrick/server.rb:23:in `start'
/usr/lib/ruby/1.8/webrick/server.rb:82:in `start'
/usr/lib/ruby/gems/1.8/gems/rack-1.1.2/lib/rack/handler/webrick.rb:14:in `run'
/usr/lib/ruby/gems/1.8/gems/rails-2.3.11/lib/commands/server.rb:111
/usr/local/lib/site_ruby/1.8/rubygems/custom_require.rb:36:in `gem_original_require'
/usr/local/lib/site_ruby/1.8/rubygems/custom_require.rb:36:in `require'
script/server:3

ActionView::TemplateError (compile error
/home/leer/Code/railschef/app/views/recipes/index.html.erb:5: syntax error, unexpected kEND
; @output_buffer.concat(( end ).to_s); @output_buffer.conca...
                             ^
/home/leer/Code/railschef/app/views/recipes/index.html.erb:8: syntax error, unexpected kENSURE, expecting kEND
/home/leer/Code/railschef/app/views/recipes/index.html.erb:10: syntax error, unexpected $end, expecting kEND) on line #5 of app/views/recipes/index.html.erb:
2: <ul>
3:   <% @recipes.each do |recipe| %>
4:     <li> <%=h recipe.title %></li>
5:   <%= end %>
6: </ul>

    app/views/recipes/index.html.erb:10:in `compile!'
    /usr/lib/ruby/1.8/webrick/httpserver.rb:104:in `service'
    /usr/lib/ruby/1.8/webrick/httpserver.rb:65:in `run'
    /usr/lib/ruby/1.8/webrick/server.rb:173:in `start_thread'
    /usr/lib/ruby/1.8/webrick/server.rb:162:in `start'
    /usr/lib/ruby/1.8/webrick/server.rb:162:in `start_thread'
    /usr/lib/ruby/1.8/webrick/server.rb:95:in `start'
    /usr/lib/ruby/1.8/webrick/server.rb:92:in `each'
    /usr/lib/ruby/1.8/webrick/server.rb:92:in `start'
    /usr/lib/ruby/1.8/webrick/server.rb:23:in `start'
    /usr/lib/ruby/1.8/webrick/server.rb:82:in `start'

Rendered rescues/_trace (38.2ms)
Rendered rescues/_request_and_response (0.4ms)
Rendering rescues/layout (internal_server_error)


Processing RecipesController#index (for 127.0.0.1 at 2011-12-08 15:26:01) [GET]
  [4;36;1mRecipe Load (0.3ms)[0m   [0;1mSELECT * FROM "recipes" [0m
Rendering recipes/index
Completed in 7ms (View: 4, DB: 0) | 200 OK [http://localhost/]


Processing RecipesController#index (for 127.0.0.1 at 2011-12-08 15:28:51) [GET]
  [4;35;1mRecipe Load (0.4ms)[0m   [0mSELECT * FROM "recipes" [0m
Rendering recipes/index
Completed in 10ms (View: 6, DB: 0) | 200 OK [http://localhost/]


Processing RecipesController#index (for 127.0.0.1 at 2011-12-08 15:29:02) [GET]
  [4;36;1mRecipe Load (0.5ms)[0m   [0;1mSELECT * FROM "recipes" [0m
Rendering recipes/index
Completed in 11ms (View: 6, DB: 0) | 200 OK [http://localhost/]


Processing RecipesController#index (for 127.0.0.1 at 2011-12-08 15:32:24) [GET]
  [4;36;1mRecipe Load (0.4ms)[0m   [0;1mSELECT * FROM "recipes" [0m
Rendering recipes/index
Completed in 9ms (View: 6, DB: 0) | 200 OK [http://localhost/]


Processing RecipesController#index (for 127.0.0.1 at 2011-12-08 15:32:35) [GET]
  [4;35;1mRecipe Load (0.4ms)[0m   [0mSELECT * FROM "recipes" [0m
Rendering recipes/index
Completed in 7ms (View: 2, DB: 0) | 200 OK [http://localhost/recipes/]


Processing RecipesController#new (for 127.0.0.1 at 2011-12-08 15:35:31) [GET]
Rendering recipes/new
Completed in 7ms (View: 5, DB: 0) | 200 OK [http://localhost/recipes/new/]


Processing RecipesController#new (for 127.0.0.1 at 2011-12-08 15:38:13) [GET]
Rendering recipes/new
Completed in 12ms (View: 9, DB: 0) | 200 OK [http://localhost/recipes/new/]


Processing RecipesController#new (for 127.0.0.1 at 2011-12-08 15:40:22) [GET]
Rendering recipes/new
Completed in 10ms (View: 7, DB: 0) | 200 OK [http://localhost/recipes/new/]


Processing RecipesController#new (for 127.0.0.1 at 2011-12-08 15:49:31) [GET]
Rendering recipes/new
Completed in 10ms (View: 7, DB: 0) | 200 OK [http://localhost/recipes/new/]


Processing RecipesController#create (for 127.0.0.1 at 2011-12-08 15:50:08) [POST]
  Parameters: {"commit"=>"Create Recipe", "authenticity_token"=>"nE1nKAJIAUFeYFAGl/ZRo+haTyXwsMrrGhUwiXy5c8w=", "recipe"=>{"title"=>"Beans on toast", "method"=>"Toast the bread\r\nCook the beans\r\nButter the bread\r\nEnjoy"}}
  [4;36;1mRecipe Create (0.4ms)[0m   [0;1mINSERT INTO "recipes" ("created_at", "title", "method", "updated_at") VALUES('2011-12-08 15:50:08', 'Beans on toast', 'Toast the bread
Cook the beans
Butter the bread
Enjoy', '2011-12-08 15:50:08')[0m
Redirected to http://localhost:3000/
Completed in 79ms (DB: 0) | 302 Found [http://localhost/recipes]


Processing RecipesController#index (for 127.0.0.1 at 2011-12-08 15:50:08) [GET]
  [4;35;1mRecipe Load (0.4ms)[0m   [0mSELECT * FROM "recipes" [0m
Rendering recipes/index
Completed in 6ms (View: 2, DB: 0) | 200 OK [http://localhost/]


Processing ApplicationController#index (for 127.0.0.1 at 2011-12-08 15:50:28) [GET]

ActionController::RoutingError (No route matches "/show/3" with {:method=>:get}):
  /usr/lib/ruby/1.8/webrick/httpserver.rb:104:in `service'
  /usr/lib/ruby/1.8/webrick/httpserver.rb:65:in `run'
  /usr/lib/ruby/1.8/webrick/server.rb:173:in `start_thread'
  /usr/lib/ruby/1.8/webrick/server.rb:162:in `start'
  /usr/lib/ruby/1.8/webrick/server.rb:162:in `start_thread'
  /usr/lib/ruby/1.8/webrick/server.rb:95:in `start'
  /usr/lib/ruby/1.8/webrick/server.rb:92:in `each'
  /usr/lib/ruby/1.8/webrick/server.rb:92:in `start'
  /usr/lib/ruby/1.8/webrick/server.rb:23:in `start'
  /usr/lib/ruby/1.8/webrick/server.rb:82:in `start'

Rendering rescues/layout (not_found)


Processing RecipesController#show (for 127.0.0.1 at 2011-12-08 15:50:34) [GET]
  Parameters: {"id"=>"3"}
  [4;36;1mRecipe Load (0.2ms)[0m   [0;1mSELECT * FROM "recipes" WHERE ("recipes"."id" = 3) [0m
Rendering recipes/show
Completed in 10ms (View: 6, DB: 0) | 200 OK [http://localhost/recipes/show/3]


Processing RecipesController#index (for 127.0.0.1 at 2011-12-08 15:53:35) [GET]
  [4;35;1mRecipe Load (0.5ms)[0m   [0mSELECT * FROM "recipes" [0m
Rendering recipes/index
Completed in 6ms (View: 2, DB: 1) | 200 OK [http://localhost/recipes/]


Processing RecipesController#index (for 127.0.0.1 at 2011-12-08 15:54:11) [GET]
  [4;36;1mRecipe Load (0.4ms)[0m   [0;1mSELECT * FROM "recipes" [0m
Rendering recipes/index
Completed in 8ms (View: 4, DB: 0) | 200 OK [http://localhost/recipes/]


Processing RecipesController#new (for 127.0.0.1 at 2011-12-08 15:54:13) [GET]
Rendering recipes/new
Completed in 10ms (View: 5, DB: 0) | 200 OK [http://localhost/recipes/new]


Processing RecipesController#new (for 127.0.0.1 at 2011-12-08 15:55:42) [GET]
Rendering recipes/new
Completed in 9ms (View: 5, DB: 0) | 200 OK [http://localhost/recipes/new]


Processing RecipesController#create (for 127.0.0.1 at 2011-12-08 15:56:10) [POST]
  Parameters: {"commit"=>"Create Recipe", "authenticity_token"=>"nE1nKAJIAUFeYFAGl/ZRo+haTyXwsMrrGhUwiXy5c8w=", "recipe"=>{"title"=>"Fish and Mushy Peas", "method"=>"Fish in the oven\r\nMushy peas in the pan\r\nCook soundly\r\nEnjoy the deliciousness"}}
  [4;35;1mRecipe Create (0.1ms)[0m   [0mINSERT INTO "recipes" ("created_at", "title", "method", "updated_at") VALUES('2011-12-08 15:56:10', 'Fish and Mushy Peas', 'Fish in the oven
Mushy peas in the pan
Cook soundly
Enjoy the deliciousness', '2011-12-08 15:56:10')[0m
Redirected to http://localhost:3000/
Completed in 82ms (DB: 0) | 302 Found [http://localhost/recipes]


Processing RecipesController#index (for 127.0.0.1 at 2011-12-08 15:56:10) [GET]
  [4;36;1mRecipe Load (0.5ms)[0m   [0;1mSELECT * FROM "recipes" [0m
Rendering recipes/index
Completed in 6ms (View: 1, DB: 0) | 200 OK [http://localhost/]


Processing RecipesController#show (for 127.0.0.1 at 2011-12-08 15:56:16) [GET]
  Parameters: {"id"=>"4"}
  [4;35;1mRecipe Load (0.2ms)[0m   [0mSELECT * FROM "recipes" WHERE ("recipes"."id" = 4) [0m
Rendering recipes/show
Completed in 6ms (View: 2, DB: 0) | 200 OK [http://localhost/recipes/show/4]


Processing RecipesController#new (for 127.0.0.1 at 2011-12-08 15:59:09) [GET]
Rendering recipes/new
Completed in 11ms (View: 8, DB: 0) | 200 OK [http://localhost/recipes/new/]


Processing RecipesController#new (for 127.0.0.1 at 2011-12-08 15:59:26) [GET]
Rendering recipes/new
Completed in 15ms (View: 11, DB: 0) | 200 OK [http://localhost/recipes/new/]


Processing RecipesController#index (for 127.0.0.1 at 2011-12-15 13:31:14) [GET]
  [4;36;1mRecipe Load (0.4ms)[0m   [0;1mSELECT * FROM "recipes" [0m
Rendering recipes/index
Completed in 63ms (View: 54, DB: 0) | 200 OK [http://localhost/]


Processing RecipesController#new (for 127.0.0.1 at 2011-12-15 13:31:19) [GET]
Rendering recipes/new
Completed in 20ms (View: 15, DB: 0) | 200 OK [http://localhost/recipes/new/]


Processing RecipesController#index (for 127.0.0.1 at 2011-12-15 13:49:47) [GET]
  [4;36;1mRecipe Load (0.6ms)[0m   [0;1mSELECT * FROM "recipes" [0m
Rendering recipes/index
Completed in 14ms (View: 9, DB: 1) | 200 OK [http://localhost/recipes/]


Processing RecipesController#new (for 127.0.0.1 at 2011-12-15 14:08:11) [GET]
Rendering recipes/new
Completed in 17ms (View: 13, DB: 0) | 200 OK [http://localhost/recipes/new]


Processing RecipesController#index (for 127.0.0.1 at 2011-12-15 14:08:33) [GET]
  [4;35;1mRecipe Load (0.5ms)[0m   [0mSELECT * FROM "recipes" [0m
Rendering recipes/index
Completed in 6ms (View: 2, DB: 0) | 200 OK [http://localhost/recipes]


Processing RecipesController#index (for 127.0.0.1 at 2011-12-15 14:11:36) [GET]
  [4;36;1mRecipe Load (0.5ms)[0m   [0;1mSELECT * FROM "recipes" [0m
Rendering recipes/index

ActionView::TemplateError (edit_recipe_url failed to generate from {:controller=>"recipes", :action=>"edit"} - you may have ambiguous routes, or you may need to supply additional parameters for this route.  content_url has the following required parameters: ["recipes", :id, "edit"] - are they all satisfied?) on line #10 of app/views/recipes/index.html.erb:
7: 
8: <p>
9:   <%= link_to "Create Recipe", new_recipe_path %>
10:   <%= link_to "Edit Recipe", edit_recipe_path %>
11: </p>

    (eval):17:in `edit_recipe_path'
    app/views/recipes/index.html.erb:10
    /usr/lib/ruby/1.8/webrick/httpserver.rb:104:in `service'
    /usr/lib/ruby/1.8/webrick/httpserver.rb:65:in `run'
    /usr/lib/ruby/1.8/webrick/server.rb:173:in `start_thread'
    /usr/lib/ruby/1.8/webrick/server.rb:162:in `start'
    /usr/lib/ruby/1.8/webrick/server.rb:162:in `start_thread'
    /usr/lib/ruby/1.8/webrick/server.rb:95:in `start'
    /usr/lib/ruby/1.8/webrick/server.rb:92:in `each'
    /usr/lib/ruby/1.8/webrick/server.rb:92:in `start'
    /usr/lib/ruby/1.8/webrick/server.rb:23:in `start'
    /usr/lib/ruby/1.8/webrick/server.rb:82:in `start'

Rendered rescues/_trace (33.0ms)
Rendered rescues/_request_and_response (1.0ms)
Rendering rescues/layout (internal_server_error)


Processing RecipesController#create (for 127.0.0.1 at 2011-12-15 14:12:52) [POST]
  Parameters: {"commit"=>"Create Recipe", "authenticity_token"=>"Db2gnirApuIMUNx9P7P9JDYhRznxzErPxFf0Ie2qr+Y=", "recipe"=>{"title"=>"", "method"=>""}}
  [4;35;1mRecipe Create (0.4ms)[0m   [0mINSERT INTO "recipes" ("created_at", "title", "method", "updated_at") VALUES('2011-12-15 14:12:52', '', '', '2011-12-15 14:12:52')[0m
Redirected to http://localhost:3000/
Completed in 100ms (DB: 0) | 302 Found [http://localhost/recipes]


Processing RecipesController#index (for 127.0.0.1 at 2011-12-15 14:12:52) [GET]
  [4;36;1mRecipe Load (0.5ms)[0m   [0;1mSELECT * FROM "recipes" [0m
Rendering recipes/index
Completed in 9ms (View: 6, DB: 1) | 200 OK [http://localhost/]


Processing RecipesController#index (for 127.0.0.1 at 2011-12-15 14:12:56) [GET]
  [4;35;1mRecipe Load (0.4ms)[0m   [0mSELECT * FROM "recipes" [0m
Rendering recipes/index
Completed in 5ms (View: 1, DB: 0) | 200 OK [http://localhost/recipes]


Processing RecipesController#index (for 127.0.0.1 at 2011-12-15 14:16:00) [GET]
  [4;36;1mRecipe Load (0.5ms)[0m   [0;1mSELECT * FROM "recipes" [0m
Rendering recipes/index
Completed in 13ms (View: 8, DB: 1) | 200 OK [http://localhost/recipes]


Processing RecipesController#show (for 127.0.0.1 at 2011-12-15 14:16:03) [GET]
  Parameters: {"id"=>"1"}
  [4;35;1mRecipe Load (0.2ms)[0m   [0mSELECT * FROM "recipes" WHERE ("recipes"."id" = 1) [0m
Rendering recipes/show
Completed in 10ms (View: 5, DB: 0) | 200 OK [http://localhost/recipes/1]


Processing RecipesController#show (for 127.0.0.1 at 2011-12-15 14:17:12) [GET]
  Parameters: {"id"=>"1"}
  [4;36;1mRecipe Load (0.1ms)[0m   [0;1mSELECT * FROM "recipes" WHERE ("recipes"."id" = 1) [0m
Rendering recipes/show
Completed in 5ms (View: 1, DB: 0) | 200 OK [http://localhost/recipes/1]


Processing RecipesController#show (for 127.0.0.1 at 2011-12-15 14:18:39) [GET]
  Parameters: {"id"=>"1"}
  [4;35;1mRecipe Load (0.2ms)[0m   [0mSELECT * FROM "recipes" WHERE ("recipes"."id" = 1) [0m
Rendering recipes/show
Completed in 9ms (View: 5, DB: 0) | 200 OK [http://localhost/recipes/1]


Processing RecipesController#edit (for 127.0.0.1 at 2011-12-15 14:18:49) [GET]
  Parameters: {"id"=>"1"}
Rendering recipes/edit
Completed in 4ms (View: 3, DB: 0) | 200 OK [http://localhost/recipes/1/edit]


Processing RecipesController#show (for 127.0.0.1 at 2011-12-15 14:19:13) [GET]
  Parameters: {"id"=>"2"}
  [4;36;1mRecipe Load (0.1ms)[0m   [0;1mSELECT * FROM "recipes" WHERE ("recipes"."id" = 2) [0m
Rendering recipes/show
Completed in 5ms (View: 1, DB: 0) | 200 OK [http://localhost/recipes/2]


Processing RecipesController#edit (for 127.0.0.1 at 2011-12-15 14:19:14) [GET]
  Parameters: {"id"=>"2"}
Rendering recipes/edit
Completed in 2ms (View: 0, DB: 0) | 200 OK [http://localhost/recipes/2/edit]


Processing RecipesController#show (for 127.0.0.1 at 2011-12-15 14:19:16) [GET]
  Parameters: {"id"=>"1"}
  [4;35;1mRecipe Load (0.1ms)[0m   [0mSELECT * FROM "recipes" WHERE ("recipes"."id" = 1) [0m
Rendering recipes/show
Completed in 5ms (View: 1, DB: 0) | 200 OK [http://localhost/recipes/1]


Processing RecipesController#edit (for 127.0.0.1 at 2011-12-15 14:19:17) [GET]
  Parameters: {"id"=>"1"}
Rendering recipes/edit
Completed in 2ms (View: 1, DB: 0) | 200 OK [http://localhost/recipes/1/edit]


Processing RecipesController#edit (for 127.0.0.1 at 2011-12-15 14:22:32) [GET]
  Parameters: {"id"=>"1"}
  [4;36;1mRecipe Load (0.1ms)[0m   [0;1mSELECT * FROM "recipes" WHERE ("recipes"."id" = 1) [0m
Rendering recipes/edit
Completed in 14ms (View: 9, DB: 0) | 200 OK [http://localhost/recipes/1/edit]


Processing RecipesController#edit (for 127.0.0.1 at 2011-12-15 14:22:49) [GET]
  Parameters: {"id"=>"1"}
  [4;35;1mRecipe Load (0.2ms)[0m   [0mSELECT * FROM "recipes" WHERE ("recipes"."id" = 1) [0m
Rendering recipes/edit
Completed in 60ms (View: 11, DB: 0) | 200 OK [http://localhost/recipes/1/edit]


Processing RecipesController#edit (for 127.0.0.1 at 2011-12-15 14:23:07) [GET]
  Parameters: {"id"=>"1"}
  [4;36;1mRecipe Load (0.1ms)[0m   [0;1mSELECT * FROM "recipes" WHERE ("recipes"."id" = 1) [0m
Rendering recipes/edit
Completed in 14ms (View: 9, DB: 0) | 200 OK [http://localhost/recipes/1/edit]


Processing RecipesController#edit (for 127.0.0.1 at 2011-12-15 14:23:58) [GET]
  Parameters: {"id"=>"1"}
  [4;35;1mRecipe Load (0.1ms)[0m   [0mSELECT * FROM "recipes" WHERE ("recipes"."id" = 1) [0m
Rendering recipes/edit
Completed in 13ms (View: 9, DB: 0) | 200 OK [http://localhost/recipes/1/edit]


Processing RecipesController#update (for 127.0.0.1 at 2011-12-15 14:25:08) [PUT]
  Parameters: {"commit"=>"Edit Recipe", "authenticity_token"=>"Db2gnirApuIMUNx9P7P9JDYhRznxzErPxFf0Ie2qr+Y=", "id"=>"1", "recipe"=>{"title"=>"Chunky Bacon Butty", "method"=>"Toast bread, Grill bacon, butter toast, add HP sauce!!!"}}

ActionController::UnknownAction (No action responded to update. Actions: create, edit, index, new, and show):
  /usr/lib/ruby/1.8/webrick/httpserver.rb:104:in `service'
  /usr/lib/ruby/1.8/webrick/httpserver.rb:65:in `run'
  /usr/lib/ruby/1.8/webrick/server.rb:173:in `start_thread'
  /usr/lib/ruby/1.8/webrick/server.rb:162:in `start'
  /usr/lib/ruby/1.8/webrick/server.rb:162:in `start_thread'
  /usr/lib/ruby/1.8/webrick/server.rb:95:in `start'
  /usr/lib/ruby/1.8/webrick/server.rb:92:in `each'
  /usr/lib/ruby/1.8/webrick/server.rb:92:in `start'
  /usr/lib/ruby/1.8/webrick/server.rb:23:in `start'
  /usr/lib/ruby/1.8/webrick/server.rb:82:in `start'

Rendering rescues/layout (not_found)


Processing RecipesController#edit (for 127.0.0.1 at 2011-12-15 14:27:40) [GET]
  Parameters: {"id"=>"1"}
  [4;36;1mRecipe Load (0.1ms)[0m   [0;1mSELECT * FROM "recipes" WHERE ("recipes"."id" = 1) [0m
Rendering recipes/edit
Completed in 13ms (View: 9, DB: 0) | 200 OK [http://localhost/recipes/1/edit]


Processing RecipesController#edit (for 127.0.0.1 at 2011-12-15 14:27:56) [GET]
  Parameters: {"id"=>"1"}
  [4;35;1mRecipe Load (0.1ms)[0m   [0mSELECT * FROM "recipes" WHERE ("recipes"."id" = 1) [0m
Rendering recipes/edit
Completed in 14ms (View: 9, DB: 0) | 200 OK [http://localhost/recipes/1/edit]


Processing RecipesController#edit (for 127.0.0.1 at 2011-12-15 14:28:17) [GET]
  Parameters: {"id"=>"1"}
  [4;36;1mRecipe Load (0.1ms)[0m   [0;1mSELECT * FROM "recipes" WHERE ("recipes"."id" = 1) [0m
Rendering recipes/edit
Completed in 14ms (View: 9, DB: 0) | 200 OK [http://localhost/recipes/1/edit]


Processing RecipesController#show (for 127.0.0.1 at 2011-12-15 14:28:18) [GET]
  Parameters: {"id"=>"1"}
  [4;35;1mRecipe Load (0.2ms)[0m   [0mSELECT * FROM "recipes" WHERE ("recipes"."id" = 1) [0m
Rendering recipes/show
Completed in 6ms (View: 2, DB: 0) | 200 OK [http://localhost/recipes/1]


Processing RecipesController#edit (for 127.0.0.1 at 2011-12-15 14:28:29) [GET]
  Parameters: {"id"=>"1"}
  [4;36;1mRecipe Load (0.2ms)[0m   [0;1mSELECT * FROM "recipes" WHERE ("recipes"."id" = 1) [0m
Rendering recipes/edit
Completed in 14ms (View: 9, DB: 0) | 200 OK [http://localhost/recipes/1/edit]


Processing RecipesController#edit (for 127.0.0.1 at 2011-12-15 14:31:25) [GET]
  Parameters: {"id"=>"1"}
  [4;35;1mRecipe Load (0.2ms)[0m   [0mSELECT * FROM "recipes" WHERE ("recipes"."id" = 1) [0m
Rendering recipes/edit
Completed in 12ms (View: 7, DB: 0) | 200 OK [http://localhost/recipes/1/edit]


Processing RecipesController#show (for 127.0.0.1 at 2011-12-15 14:31:32) [GET]
  Parameters: {"id"=>"1"}
  [4;36;1mRecipe Load (0.1ms)[0m   [0;1mSELECT * FROM "recipes" WHERE ("recipes"."id" = 1) [0m
Rendering recipes/show
Completed in 5ms (View: 1, DB: 0) | 200 OK [http://localhost/recipes/1]


Processing RecipesController#edit (for 127.0.0.1 at 2011-12-15 14:31:35) [GET]
  Parameters: {"id"=>"1"}
  [4;35;1mRecipe Load (0.1ms)[0m   [0mSELECT * FROM "recipes" WHERE ("recipes"."id" = 1) [0m
Rendering recipes/edit
Completed in 9ms (View: 5, DB: 0) | 200 OK [http://localhost/recipes/1/edit]


Processing RecipesController#update (for 127.0.0.1 at 2011-12-15 14:32:17) [PUT]
  Parameters: {"commit"=>"Save Recipe", "authenticity_token"=>"Db2gnirApuIMUNx9P7P9JDYhRznxzErPxFf0Ie2qr+Y=", "id"=>"1", "recipe"=>{"title"=>"Chunky Bacon Butty", "method"=>"Toast bread, Grill bacon, butter toast, add HP sauce and then cut in half."}}
  [4;36;1mRecipe Load (0.1ms)[0m   [0;1mSELECT * FROM "recipes" WHERE ("recipes"."id" = 1) [0m
  [4;35;1mRecipe Update (0.1ms)[0m   [0mUPDATE "recipes" SET "updated_at" = '2011-12-15 14:32:17', "method" = 'Toast bread, Grill bacon, butter toast, add HP sauce and then cut in half.' WHERE "id" = 1[0m
Redirected to http://localhost:3000/recipes/1
Completed in 98ms (DB: 0) | 302 Found [http://localhost/recipes/1]


Processing RecipesController#show (for 127.0.0.1 at 2011-12-15 14:32:17) [GET]
  Parameters: {"id"=>"1"}
  [4;36;1mRecipe Load (0.2ms)[0m   [0;1mSELECT * FROM "recipes" WHERE ("recipes"."id" = 1) [0m
Rendering recipes/show
Completed in 5ms (View: 2, DB: 0) | 200 OK [http://localhost/recipes/1]


Processing RecipesController#index (for 127.0.0.1 at 2011-12-15 14:34:24) [GET]
  [4;35;1mRecipe Load (0.4ms)[0m   [0mSELECT * FROM "recipes" [0m
Rendering recipes/index
Completed in 7ms (View: 4, DB: 0) | 200 OK [http://localhost/]


Processing RecipesController#show (for 127.0.0.1 at 2011-12-15 14:35:06) [GET]
  Parameters: {"id"=>"1"}
  [4;36;1mRecipe Load (0.2ms)[0m   [0;1mSELECT * FROM "recipes" WHERE ("recipes"."id" = 1) [0m
Rendering recipes/show
Completed in 9ms (View: 4, DB: 0) | 200 OK [http://localhost/recipes/1]


Processing RecipesController#show (for 127.0.0.1 at 2011-12-15 14:35:07) [GET]
  Parameters: {"id"=>"1"}
  [4;35;1mRecipe Load (0.1ms)[0m   [0mSELECT * FROM "recipes" WHERE ("recipes"."id" = 1) [0m
Rendering recipes/show
Completed in 5ms (View: 1, DB: 0) | 200 OK [http://localhost/recipes/1]


Processing RecipesController#show (for 127.0.0.1 at 2011-12-15 14:35:07) [GET]
  Parameters: {"id"=>"1"}
  [4;36;1mRecipe Load (0.1ms)[0m   [0;1mSELECT * FROM "recipes" WHERE ("recipes"."id" = 1) [0m
Rendering recipes/show
Completed in 6ms (View: 1, DB: 0) | 200 OK [http://localhost/recipes/1]


Processing RecipesController#show (for 127.0.0.1 at 2011-12-15 14:35:24) [GET]
  Parameters: {"id"=>"1"}
  [4;35;1mRecipe Load (0.1ms)[0m   [0mSELECT * FROM "recipes" WHERE ("recipes"."id" = 1) [0m
Rendering recipes/show

ActionView::TemplateError (undefined method `stringify_keys' for "/recipes":String) on line #5 of app/views/recipes/show.html.erb:
2: <p>Chef: L Robinson</p>
3: <p>The method for this recipe is:</p>
4: <p><%=h @recipe.method %></p>
5: <p><%= link_to "Edit Recipe", edit_recipe_path %> | <%= link_to "Recipes", recipe_path, recipes_path %></p>

    app/views/recipes/show.html.erb:5
    /usr/lib/ruby/1.8/webrick/httpserver.rb:104:in `service'
    /usr/lib/ruby/1.8/webrick/httpserver.rb:65:in `run'
    /usr/lib/ruby/1.8/webrick/server.rb:173:in `start_thread'
    /usr/lib/ruby/1.8/webrick/server.rb:162:in `start'
    /usr/lib/ruby/1.8/webrick/server.rb:162:in `start_thread'
    /usr/lib/ruby/1.8/webrick/server.rb:95:in `start'
    /usr/lib/ruby/1.8/webrick/server.rb:92:in `each'
    /usr/lib/ruby/1.8/webrick/server.rb:92:in `start'
    /usr/lib/ruby/1.8/webrick/server.rb:23:in `start'
    /usr/lib/ruby/1.8/webrick/server.rb:82:in `start'

Rendered rescues/_trace (87.2ms)
Rendered rescues/_request_and_response (0.3ms)
Rendering rescues/layout (internal_server_error)


Processing RecipesController#show (for 127.0.0.1 at 2011-12-15 14:35:31) [GET]
  Parameters: {"id"=>"4"}
  [4;36;1mRecipe Load (0.1ms)[0m   [0;1mSELECT * FROM "recipes" WHERE ("recipes"."id" = 4) [0m
Rendering recipes/show

ActionView::TemplateError (undefined method `stringify_keys' for "/recipes/4":ActiveSupport::SafeBuffer) on line #5 of app/views/recipes/show.html.erb:
2: <p>Chef: L Robinson</p>
3: <p>The method for this recipe is:</p>
4: <p><%=h @recipe.method %></p>
5: <p><%= link_to "Edit Recipe", edit_recipe_path %> | <%= link_to "Recipes", recipe_path, recipe_path %></p>

    app/views/recipes/show.html.erb:5
    /usr/lib/ruby/1.8/webrick/httpserver.rb:104:in `service'
    /usr/lib/ruby/1.8/webrick/httpserver.rb:65:in `run'
    /usr/lib/ruby/1.8/webrick/server.rb:173:in `start_thread'
    /usr/lib/ruby/1.8/webrick/server.rb:162:in `start'
    /usr/lib/ruby/1.8/webrick/server.rb:162:in `start_thread'
    /usr/lib/ruby/1.8/webrick/server.rb:95:in `start'
    /usr/lib/ruby/1.8/webrick/server.rb:92:in `each'
    /usr/lib/ruby/1.8/webrick/server.rb:92:in `start'
    /usr/lib/ruby/1.8/webrick/server.rb:23:in `start'
    /usr/lib/ruby/1.8/webrick/server.rb:82:in `start'

Rendered rescues/_trace (39.2ms)
Rendered rescues/_request_and_response (0.3ms)
Rendering rescues/layout (internal_server_error)


Processing RecipesController#show (for 127.0.0.1 at 2011-12-15 14:35:41) [GET]
  Parameters: {"id"=>"4"}
  [4;35;1mRecipe Load (0.2ms)[0m   [0mSELECT * FROM "recipes" WHERE ("recipes"."id" = 4) [0m
Rendering recipes/show
Completed in 10ms (View: 5, DB: 0) | 200 OK [http://localhost/recipes/4]


Processing RecipesController#show (for 127.0.0.1 at 2011-12-15 14:36:57) [GET]
  Parameters: {"id"=>"4"}
  [4;36;1mRecipe Load (0.1ms)[0m   [0;1mSELECT * FROM "recipes" WHERE ("recipes"."id" = 4) [0m
Rendering recipes/show
Completed in 7ms (View: 4, DB: 0) | 200 OK [http://localhost/recipes/4]


Processing RecipesController#index (for 127.0.0.1 at 2011-12-15 14:36:58) [GET]
  [4;35;1mRecipe Load (0.7ms)[0m   [0mSELECT * FROM "recipes" [0m
Rendering recipes/index
Completed in 9ms (View: 4, DB: 1) | 200 OK [http://localhost/recipes]


Processing RecipesController#show (for 127.0.0.1 at 2011-12-15 14:37:17) [GET]
  Parameters: {"id"=>"4"}
  [4;36;1mRecipe Load (0.2ms)[0m   [0;1mSELECT * FROM "recipes" WHERE ("recipes"."id" = 4) [0m
Rendering recipes/show
Completed in 6ms (View: 2, DB: 0) | 200 OK [http://localhost/recipes/4]


Processing RecipesController#index (for 127.0.0.1 at 2011-12-15 14:37:19) [GET]
  [4;35;1mRecipe Load (0.4ms)[0m   [0mSELECT * FROM "recipes" [0m
Rendering recipes/index
Completed in 8ms (View: 4, DB: 0) | 200 OK [http://localhost/recipes]


Processing RecipesController#show (for 127.0.0.1 at 2011-12-15 14:37:20) [GET]
  Parameters: {"id"=>"4"}
  [4;36;1mRecipe Load (0.2ms)[0m   [0;1mSELECT * FROM "recipes" WHERE ("recipes"."id" = 4) [0m
Rendering recipes/show
Completed in 7ms (View: 2, DB: 0) | 200 OK [http://localhost/recipes/4]


Processing RecipesController#index (for 127.0.0.1 at 2011-12-15 14:37:21) [GET]
  [4;35;1mRecipe Load (0.5ms)[0m   [0mSELECT * FROM "recipes" [0m
Rendering recipes/index
Completed in 8ms (View: 3, DB: 0) | 200 OK [http://localhost/recipes]


Processing RecipesController#show (for 127.0.0.1 at 2011-12-15 14:37:21) [GET]
  Parameters: {"id"=>"3"}
  [4;36;1mRecipe Load (0.1ms)[0m   [0;1mSELECT * FROM "recipes" WHERE ("recipes"."id" = 3) [0m
Rendering recipes/show
Completed in 5ms (View: 1, DB: 0) | 200 OK [http://localhost/recipes/3]


Processing RecipesController#index (for 127.0.0.1 at 2011-12-15 14:37:22) [GET]
  [4;35;1mRecipe Load (0.4ms)[0m   [0mSELECT * FROM "recipes" [0m
Rendering recipes/index
Completed in 7ms (View: 3, DB: 0) | 200 OK [http://localhost/recipes]


Processing RecipesController#show (for 127.0.0.1 at 2011-12-15 14:37:22) [GET]
  Parameters: {"id"=>"2"}
  [4;36;1mRecipe Load (0.1ms)[0m   [0;1mSELECT * FROM "recipes" WHERE ("recipes"."id" = 2) [0m
Rendering recipes/show
Completed in 6ms (View: 1, DB: 0) | 200 OK [http://localhost/recipes/2]


Processing RecipesController#index (for 127.0.0.1 at 2011-12-15 14:37:23) [GET]
  [4;35;1mRecipe Load (0.3ms)[0m   [0mSELECT * FROM "recipes" [0m
Rendering recipes/index
Completed in 7ms (View: 3, DB: 0) | 200 OK [http://localhost/recipes]


Processing RecipesController#show (for 127.0.0.1 at 2011-12-15 14:37:24) [GET]
  Parameters: {"id"=>"1"}
  [4;36;1mRecipe Load (0.2ms)[0m   [0;1mSELECT * FROM "recipes" WHERE ("recipes"."id" = 1) [0m
Rendering recipes/show
Completed in 6ms (View: 2, DB: 0) | 200 OK [http://localhost/recipes/1]


Processing RecipesController#index (for 127.0.0.1 at 2011-12-15 14:37:25) [GET]
  [4;35;1mRecipe Load (0.6ms)[0m   [0mSELECT * FROM "recipes" [0m
Rendering recipes/index
Completed in 7ms (View: 3, DB: 1) | 200 OK [http://localhost/recipes]


Processing RecipesController#show (for 127.0.0.1 at 2011-12-15 14:37:40) [GET]
  Parameters: {"id"=>"4"}
  [4;36;1mRecipe Load (0.2ms)[0m   [0;1mSELECT * FROM "recipes" WHERE ("recipes"."id" = 4) [0m
Rendering recipes/show
Completed in 6ms (View: 2, DB: 0) | 200 OK [http://localhost/recipes/4]


Processing RecipesController#new (for 127.0.0.1 at 2011-12-15 14:37:45) [GET]
Rendering recipes/new
Completed in 11ms (View: 6, DB: 0) | 200 OK [http://localhost/recipes/new]


Processing RecipesController#index (for 127.0.0.1 at 2011-12-15 14:37:46) [GET]
  [4;35;1mRecipe Load (0.4ms)[0m   [0mSELECT * FROM "recipes" [0m
Rendering recipes/index
Completed in 6ms (View: 3, DB: 0) | 200 OK [http://localhost/recipes]


Processing RecipesController#show (for 127.0.0.1 at 2011-12-15 14:43:55) [GET]
  Parameters: {"id"=>"1"}
  [4;36;1mRecipe Load (0.2ms)[0m   [0;1mSELECT * FROM "recipes" WHERE ("recipes"."id" = 1) [0m
Rendering recipes/show
Completed in 13ms (View: 8, DB: 0) | 200 OK [http://localhost/recipes/1]


Processing RecipesController#show (for 127.0.0.1 at 2011-12-15 14:46:47) [GET]
  Parameters: {"id"=>"1"}
  [4;35;1mRecipe Load (0.2ms)[0m   [0mSELECT * FROM "recipes" WHERE ("recipes"."id" = 1) [0m
Rendering recipes/show
Completed in 12ms (View: 7, DB: 0) | 200 OK [http://localhost/recipes/1]


Processing RecipesController#show (for 127.0.0.1 at 2011-12-15 14:47:10) [GET]
  Parameters: {"id"=>"1"}
  [4;36;1mRecipe Load (0.1ms)[0m   [0;1mSELECT * FROM "recipes" WHERE ("recipes"."id" = 1) [0m
Rendering recipes/show
Completed in 6ms (View: 3, DB: 0) | 200 OK [http://localhost/recipes/1]


Processing RecipesController#destroy (for 127.0.0.1 at 2011-12-15 14:47:13) [DELETE]
  Parameters: {"authenticity_token"=>"Db2gnirApuIMUNx9P7P9JDYhRznxzErPxFf0Ie2qr+Y=", "id"=>"1"}
  [4;35;1mRecipe Load (0.1ms)[0m   [0mSELECT * FROM "recipes" WHERE ("recipes"."id" = 1) [0m
  [4;36;1mRecipe Destroy (0.1ms)[0m   [0;1mDELETE FROM "recipes" WHERE "id" = 1[0m
Redirected to http://localhost:3000/recipes
Completed in 83ms (DB: 0) | 302 Found [http://localhost/recipes/1]


Processing RecipesController#index (for 127.0.0.1 at 2011-12-15 14:47:13) [GET]
  [4;35;1mRecipe Load (0.3ms)[0m   [0mSELECT * FROM "recipes" [0m
Rendering recipes/index
Completed in 5ms (View: 2, DB: 0) | 200 OK [http://localhost/recipes]


Processing RecipesController#show (for 127.0.0.1 at 2011-12-15 14:47:22) [GET]
  Parameters: {"id"=>"2"}
  [4;36;1mRecipe Load (0.1ms)[0m   [0;1mSELECT * FROM "recipes" WHERE ("recipes"."id" = 2) [0m
Rendering recipes/show
Completed in 7ms (View: 3, DB: 0) | 200 OK [http://localhost/recipes/2]


Processing RecipesController#show (for 127.0.0.1 at 2011-12-15 14:47:24) [GET]
  Parameters: {"id"=>"4"}
  [4;35;1mRecipe Load (0.1ms)[0m   [0mSELECT * FROM "recipes" WHERE ("recipes"."id" = 4) [0m
Rendering recipes/show
Completed in 7ms (View: 4, DB: 0) | 200 OK [http://localhost/recipes/4]


Processing RecipesController#show (for 127.0.0.1 at 2011-12-15 14:47:27) [GET]
  Parameters: {"id"=>"5"}
  [4;36;1mRecipe Load (0.1ms)[0m   [0;1mSELECT * FROM "recipes" WHERE ("recipes"."id" = 5) [0m
Rendering recipes/show
Completed in 6ms (View: 3, DB: 0) | 200 OK [http://localhost/recipes/5]


Processing RecipesController#destroy (for 127.0.0.1 at 2011-12-15 14:47:30) [DELETE]
  Parameters: {"authenticity_token"=>"Db2gnirApuIMUNx9P7P9JDYhRznxzErPxFf0Ie2qr+Y=", "id"=>"5"}
  [4;35;1mRecipe Load (0.1ms)[0m   [0mSELECT * FROM "recipes" WHERE ("recipes"."id" = 5) [0m
  [4;36;1mRecipe Destroy (0.1ms)[0m   [0;1mDELETE FROM "recipes" WHERE "id" = 5[0m
Redirected to http://localhost:3000/recipes
Completed in 105ms (DB: 0) | 302 Found [http://localhost/recipes/5]


Processing RecipesController#index (for 127.0.0.1 at 2011-12-15 14:47:30) [GET]
  [4;35;1mRecipe Load (0.5ms)[0m   [0mSELECT * FROM "recipes" [0m
Rendering recipes/index
Completed in 8ms (View: 3, DB: 0) | 200 OK [http://localhost/recipes]
